C:\USERS\CGUPTA3131\DESKTOP\GUEST-HOUSE-MANAGEMENT\DEBUG\GUEST-HOUSE-MANAGEMENT.EXE
C:\USERS\CGUPTA3131\DESKTOP\GUEST-HOUSE-MANAGEMENT\DEBUG\GUEST-HOUSE-MANAGEMENT.ILK
C:\USERS\CGUPTA3131\DESKTOP\GUEST-HOUSE-MANAGEMENT\DEBUG\GUEST-HOUSE-MANAGEMENT.PDB
C:\USERS\CGUPTA3131\DESKTOP\GUEST-HOUSE-MANAGEMENT\GUEST-HOUSE-MANAGEMENT\DEBUG\.NETFRAMEWORK,VERSION=V4.0.ASSEMBLYATTRIBUTES.OBJ
C:\USERS\CGUPTA3131\DESKTOP\GUEST-HOUSE-MANAGEMENT\GUEST-HOUSE-MANAGEMENT\DEBUG\APP.RES
C:\USERS\CGUPTA3131\DESKTOP\GUEST-HOUSE-MANAGEMENT\GUEST-HOUSE-MANAGEMENT\DEBUG\ASSEMBLYINFO.OBJ
C:\Users\cgupta3131\Desktop\Guest-House-Management\Guest-House-Management\Debug\cl.command.1.tlog
C:\Users\cgupta3131\Desktop\Guest-House-Management\Guest-House-Management\Debug\CL.read.1.tlog
C:\Users\cgupta3131\Desktop\Guest-House-Management\Guest-House-Management\Debug\CL.write.1.tlog
C:\USERS\CGUPTA3131\DESKTOP\GUEST-HOUSE-MANAGEMENT\GUEST-HOUSE-MANAGEMENT\DEBUG\FORM_CUSTOMER_HOMEPAGE.OBJ
C:\USERS\CGUPTA3131\DESKTOP\GUEST-HOUSE-MANAGEMENT\GUEST-HOUSE-MANAGEMENT\DEBUG\FORM_EDIT_BOOKING.OBJ
C:\USERS\CGUPTA3131\DESKTOP\GUEST-HOUSE-MANAGEMENT\GUEST-HOUSE-MANAGEMENT\DEBUG\FORM_EDIT_STAFF_DETAILS.OBJ
C:\USERS\CGUPTA3131\DESKTOP\GUEST-HOUSE-MANAGEMENT\GUEST-HOUSE-MANAGEMENT\DEBUG\FORM_FEEDBACK.OBJ
C:\USERS\CGUPTA3131\DESKTOP\GUEST-HOUSE-MANAGEMENT\GUEST-HOUSE-MANAGEMENT\DEBUG\FORM_RECEPTION.OBJ
C:\USERS\CGUPTA3131\DESKTOP\GUEST-HOUSE-MANAGEMENT\GUEST-HOUSE-MANAGEMENT\DEBUG\FORM_SHOW_GUEST_HOUSE_FACILITIES.OBJ
C:\USERS\CGUPTA3131\DESKTOP\GUEST-HOUSE-MANAGEMENT\GUEST-HOUSE-MANAGEMENT\DEBUG\GUEST-HOUSE-MANAGEMENT.EXE.INTERMEDIATE.MANIFEST
C:\Users\cgupta3131\Desktop\Guest-House-Management\Guest-House-Management\Debug\GuestHouseManagement.Form_Customer_Homepage.resources
C:\Users\cgupta3131\Desktop\Guest-House-Management\Guest-House-Management\Debug\GuestHouseManagement.Form_Edit_Booking.resources
C:\Users\cgupta3131\Desktop\Guest-House-Management\Guest-House-Management\Debug\GuestHouseManagement.Form_Edit_Staff_Details.resources
C:\Users\cgupta3131\Desktop\Guest-House-Management\Guest-House-Management\Debug\GuestHouseManagement.Form_Feedback.resources
C:\Users\cgupta3131\Desktop\Guest-House-Management\Guest-House-Management\Debug\GuestHouseManagement.Form_Reception.resources
C:\Users\cgupta3131\Desktop\Guest-House-Management\Guest-House-Management\Debug\GuestHouseManagement.Form_Show_Guest_House_Facilities.resources
C:\Users\cgupta3131\Desktop\Guest-House-Management\Guest-House-Management\Debug\GuestHouseManagement.Form1.resources
C:\USERS\CGUPTA3131\DESKTOP\GUEST-HOUSE-MANAGEMENT\GUEST-HOUSE-MANAGEMENT\DEBUG\GUEST-HOUSE-MANAGEMENT.OBJ
C:\USERS\CGUPTA3131\DESKTOP\GUEST-HOUSE-MANAGEMENT\GUEST-HOUSE-MANAGEMENT\DEBUG\GUEST-HOUSE-MANAGEMENT.PCH
C:\Users\cgupta3131\Desktop\Guest-House-Management\Guest-House-Management\Debug\GuestHouseManagement.UserControl_Add_Cab_Details.resources
C:\Users\cgupta3131\Desktop\Guest-House-Management\Guest-House-Management\Debug\GuestHouseManagement.UserControl_Add_Mess.resources
C:\Users\cgupta3131\Desktop\Guest-House-Management\Guest-House-Management\Debug\GuestHouseManagement.UserControl_Add_Places.resources
C:\Users\cgupta3131\Desktop\Guest-House-Management\Guest-House-Management\Debug\GuestHouseManagement.UserControl_Add_Restaurant.resources
C:\Users\cgupta3131\Desktop\Guest-House-Management\Guest-House-Management\Debug\GuestHouseManagement.UserControl_Add_Room.resources
C:\Users\cgupta3131\Desktop\Guest-House-Management\Guest-House-Management\Debug\GuestHouseManagement.UserControl_Approve_Users.resources
C:\Users\cgupta3131\Desktop\Guest-House-Management\Guest-House-Management\Debug\GuestHouseManagement.UserControl_Booking_Approval.resources
C:\Users\cgupta3131\Desktop\Guest-House-Management\Guest-House-Management\Debug\GuestHouseManagement.UserControl_Customer_Admin_Feedback.resources
C:\Users\cgupta3131\Desktop\Guest-House-Management\Guest-House-Management\Debug\GuestHouseManagement.UserControl_Customer_Book_Edit.resources
C:\Users\cgupta3131\Desktop\Guest-House-Management\Guest-House-Management\Debug\GuestHouseManagement.UserControl_Customer_Booking.resources
C:\Users\cgupta3131\Desktop\Guest-House-Management\Guest-House-Management\Debug\GuestHouseManagement.UserControl_Customer_Feedback.resources
C:\Users\cgupta3131\Desktop\Guest-House-Management\Guest-House-Management\Debug\GuestHouseManagement.UserControl_Customer_Homepage.resources
C:\Users\cgupta3131\Desktop\Guest-House-Management\Guest-House-Management\Debug\GuestHouseManagement.UserControl_Customer_Housekeeping.resources
C:\Users\cgupta3131\Desktop\Guest-House-Management\Guest-House-Management\Debug\GuestHouseManagement.UserControl_Floor_Map.resources
C:\Users\cgupta3131\Desktop\Guest-House-Management\Guest-House-Management\Debug\GuestHouseManagement.UserControl_Generate_Bill.resources
C:\Users\cgupta3131\Desktop\Guest-House-Management\Guest-House-Management\Debug\GuestHouseManagement.UserControl_Guest_House_Info.resources
C:\Users\cgupta3131\Desktop\Guest-House-Management\Guest-House-Management\Debug\GuestHouseManagement.UserControl_GuestHouseDetails.resources
C:\Users\cgupta3131\Desktop\Guest-House-Management\Guest-House-Management\Debug\GuestHouseManagement.UserControl_In_Stay_Facilities.resources
C:\Users\cgupta3131\Desktop\Guest-House-Management\Guest-House-Management\Debug\GuestHouseManagement.UserControl_Login.resources
C:\Users\cgupta3131\Desktop\Guest-House-Management\Guest-House-Management\Debug\GuestHouseManagement.UserControl_Mess_Rates.resources
C:\Users\cgupta3131\Desktop\Guest-House-Management\Guest-House-Management\Debug\GuestHouseManagement.UserControl_Room_Types.resources
C:\Users\cgupta3131\Desktop\Guest-House-Management\Guest-House-Management\Debug\GuestHouseManagement.UserControl_Room_Types2.resources
C:\Users\cgupta3131\Desktop\Guest-House-Management\Guest-House-Management\Debug\GuestHouseManagement.UserControl_Signup.resources
C:\Users\cgupta3131\Desktop\Guest-House-Management\Guest-House-Management\Debug\GuestHouseManagement.UserControl_Staff.resources
C:\Users\cgupta3131\Desktop\Guest-House-Management\Guest-House-Management\Debug\GuestHouseManagement.UserControl_Staff_Booking_Display.resources
C:\Users\cgupta3131\Desktop\Guest-House-Management\Guest-House-Management\Debug\GuestHouseManagement.UserControl_Staff_Edit.resources
C:\Users\cgupta3131\Desktop\Guest-House-Management\Guest-House-Management\Debug\GuestHouseManagement.UserControl_Staff_Edit_Details.resources
C:\Users\cgupta3131\Desktop\Guest-House-Management\Guest-House-Management\Debug\GuestHouseManagement.UserControl_Staff_Housekeeping_Approval.resources
C:\Users\cgupta3131\Desktop\Guest-House-Management\Guest-House-Management\Debug\GuestHouseManagement.UserControl_Staff_Leave.resources
C:\Users\cgupta3131\Desktop\Guest-House-Management\Guest-House-Management\Debug\GuestHouseManagement.UserControl_Staff_Leave_Approval.resources
C:\Users\cgupta3131\Desktop\Guest-House-Management\Guest-House-Management\Debug\GuestHouseManagement.UserControl_Staff_Planner.resources
C:\Users\cgupta3131\Desktop\Guest-House-Management\Guest-House-Management\Debug\GuestHouseManagement.UserControl_Staff_Record.resources
C:\Users\cgupta3131\Desktop\Guest-House-Management\Guest-House-Management\Debug\GuestHouseManagement.UserControl_Staff_Register.resources
C:\Users\cgupta3131\Desktop\Guest-House-Management\Guest-House-Management\Debug\GuestHouseManagement.UserControl_Staff_View_Details.resources
C:\Users\cgupta3131\Desktop\Guest-House-Management\Guest-House-Management\Debug\GuestHouseManagement.UserControl_Status_Room.resources
C:\Users\cgupta3131\Desktop\Guest-House-Management\Guest-House-Management\Debug\GuestHouseManagement.UserControl_User_Types.resources
C:\Users\cgupta3131\Desktop\Guest-House-Management\Guest-House-Management\Debug\GuestHouseManagement.UserControl_View_Cab.resources
C:\Users\cgupta3131\Desktop\Guest-House-Management\Guest-House-Management\Debug\GuestHouseManagement.UserControl_View_Mess.resources
C:\Users\cgupta3131\Desktop\Guest-House-Management\Guest-House-Management\Debug\GuestHouseManagement.UserControl_View_Restaurants.resources
C:\Users\cgupta3131\Desktop\Guest-House-Management\Guest-House-Management\Debug\GuestHouseManagement.UserControl_View_TouristPlaces.resources
C:\Users\cgupta3131\Desktop\Guest-House-Management\Guest-House-Management\Debug\Guest-House-Management.vcxproj.GenerateResource.Cache
C:\Users\cgupta3131\Desktop\Guest-House-Management\Guest-House-Management\Debug\Guest-House-Management.vcxprojResolveAssemblyReference.cache
C:\Users\cgupta3131\Desktop\Guest-House-Management\Guest-House-Management\Debug\Guest-House-Management.write.1.tlog
C:\Users\cgupta3131\Desktop\Guest-House-Management\Guest-House-Management\Debug\link.1096.read.1.tlog
C:\Users\cgupta3131\Desktop\Guest-House-Management\Guest-House-Management\Debug\link.1096.write.1.tlog
C:\Users\cgupta3131\Desktop\Guest-House-Management\Guest-House-Management\Debug\link.1096-cvtres.read.1.tlog
C:\Users\cgupta3131\Desktop\Guest-House-Management\Guest-House-Management\Debug\link.1096-cvtres.write.1.tlog
C:\Users\cgupta3131\Desktop\Guest-House-Management\Guest-House-Management\Debug\link.1304.read.1.tlog
C:\Users\cgupta3131\Desktop\Guest-House-Management\Guest-House-Management\Debug\link.1304.write.1.tlog
C:\Users\cgupta3131\Desktop\Guest-House-Management\Guest-House-Management\Debug\link.1304-cvtres.read.1.tlog
C:\Users\cgupta3131\Desktop\Guest-House-Management\Guest-House-Management\Debug\link.1304-cvtres.write.1.tlog
C:\Users\cgupta3131\Desktop\Guest-House-Management\Guest-House-Management\Debug\link.2028.read.1.tlog
C:\Users\cgupta3131\Desktop\Guest-House-Management\Guest-House-Management\Debug\link.2028.write.1.tlog
C:\Users\cgupta3131\Desktop\Guest-House-Management\Guest-House-Management\Debug\link.2028-cvtres.read.1.tlog
C:\Users\cgupta3131\Desktop\Guest-House-Management\Guest-House-Management\Debug\link.2028-cvtres.write.1.tlog
C:\Users\cgupta3131\Desktop\Guest-House-Management\Guest-House-Management\Debug\link.2632.read.1.tlog
C:\Users\cgupta3131\Desktop\Guest-House-Management\Guest-House-Management\Debug\link.2632.write.1.tlog
C:\Users\cgupta3131\Desktop\Guest-House-Management\Guest-House-Management\Debug\link.2632-cvtres.read.1.tlog
C:\Users\cgupta3131\Desktop\Guest-House-Management\Guest-House-Management\Debug\link.2632-cvtres.write.1.tlog
C:\Users\cgupta3131\Desktop\Guest-House-Management\Guest-House-Management\Debug\link.3144.read.1.tlog
C:\Users\cgupta3131\Desktop\Guest-House-Management\Guest-House-Management\Debug\link.3144.write.1.tlog
C:\Users\cgupta3131\Desktop\Guest-House-Management\Guest-House-Management\Debug\link.3144-cvtres.read.1.tlog
C:\Users\cgupta3131\Desktop\Guest-House-Management\Guest-House-Management\Debug\link.3144-cvtres.write.1.tlog
C:\Users\cgupta3131\Desktop\Guest-House-Management\Guest-House-Management\Debug\link.3504.read.1.tlog
C:\Users\cgupta3131\Desktop\Guest-House-Management\Guest-House-Management\Debug\link.3504.write.1.tlog
C:\Users\cgupta3131\Desktop\Guest-House-Management\Guest-House-Management\Debug\link.3504-cvtres.read.1.tlog
C:\Users\cgupta3131\Desktop\Guest-House-Management\Guest-House-Management\Debug\link.3504-cvtres.write.1.tlog
C:\Users\cgupta3131\Desktop\Guest-House-Management\Guest-House-Management\Debug\link.3800.read.1.tlog
C:\Users\cgupta3131\Desktop\Guest-House-Management\Guest-House-Management\Debug\link.3800.write.1.tlog
C:\Users\cgupta3131\Desktop\Guest-House-Management\Guest-House-Management\Debug\link.3800-cvtres.read.1.tlog
C:\Users\cgupta3131\Desktop\Guest-House-Management\Guest-House-Management\Debug\link.3800-cvtres.write.1.tlog
C:\Users\cgupta3131\Desktop\Guest-House-Management\Guest-House-Management\Debug\link.4028.read.1.tlog
C:\Users\cgupta3131\Desktop\Guest-House-Management\Guest-House-Management\Debug\link.4028.write.1.tlog
C:\Users\cgupta3131\Desktop\Guest-House-Management\Guest-House-Management\Debug\link.4028-cvtres.read.1.tlog
C:\Users\cgupta3131\Desktop\Guest-House-Management\Guest-House-Management\Debug\link.4028-cvtres.write.1.tlog
C:\Users\cgupta3131\Desktop\Guest-House-Management\Guest-House-Management\Debug\link.4636.read.1.tlog
C:\Users\cgupta3131\Desktop\Guest-House-Management\Guest-House-Management\Debug\link.4636.write.1.tlog
C:\Users\cgupta3131\Desktop\Guest-House-Management\Guest-House-Management\Debug\link.4636-cvtres.read.1.tlog
C:\Users\cgupta3131\Desktop\Guest-House-Management\Guest-House-Management\Debug\link.4636-cvtres.write.1.tlog
C:\Users\cgupta3131\Desktop\Guest-House-Management\Guest-House-Management\Debug\link.4928.read.1.tlog
C:\Users\cgupta3131\Desktop\Guest-House-Management\Guest-House-Management\Debug\link.4928.write.1.tlog
C:\Users\cgupta3131\Desktop\Guest-House-Management\Guest-House-Management\Debug\link.4928-cvtres.read.1.tlog
C:\Users\cgupta3131\Desktop\Guest-House-Management\Guest-House-Management\Debug\link.4928-cvtres.write.1.tlog
C:\Users\cgupta3131\Desktop\Guest-House-Management\Guest-House-Management\Debug\link.5988.read.1.tlog
C:\Users\cgupta3131\Desktop\Guest-House-Management\Guest-House-Management\Debug\link.5988.write.1.tlog
C:\Users\cgupta3131\Desktop\Guest-House-Management\Guest-House-Management\Debug\link.5988-cvtres.read.1.tlog
C:\Users\cgupta3131\Desktop\Guest-House-Management\Guest-House-Management\Debug\link.5988-cvtres.write.1.tlog
C:\Users\cgupta3131\Desktop\Guest-House-Management\Guest-House-Management\Debug\link.6684.read.1.tlog
C:\Users\cgupta3131\Desktop\Guest-House-Management\Guest-House-Management\Debug\link.6684.write.1.tlog
C:\Users\cgupta3131\Desktop\Guest-House-Management\Guest-House-Management\Debug\link.6684-cvtres.read.1.tlog
C:\Users\cgupta3131\Desktop\Guest-House-Management\Guest-House-Management\Debug\link.6684-cvtres.write.1.tlog
C:\Users\cgupta3131\Desktop\Guest-House-Management\Guest-House-Management\Debug\link.6696.read.1.tlog
C:\Users\cgupta3131\Desktop\Guest-House-Management\Guest-House-Management\Debug\link.6696.write.1.tlog
C:\Users\cgupta3131\Desktop\Guest-House-Management\Guest-House-Management\Debug\link.6696-cvtres.read.1.tlog
C:\Users\cgupta3131\Desktop\Guest-House-Management\Guest-House-Management\Debug\link.6696-cvtres.write.1.tlog
C:\Users\cgupta3131\Desktop\Guest-House-Management\Guest-House-Management\Debug\link.692.read.1.tlog
C:\Users\cgupta3131\Desktop\Guest-House-Management\Guest-House-Management\Debug\link.692.write.1.tlog
C:\Users\cgupta3131\Desktop\Guest-House-Management\Guest-House-Management\Debug\link.692-cvtres.read.1.tlog
C:\Users\cgupta3131\Desktop\Guest-House-Management\Guest-House-Management\Debug\link.692-cvtres.write.1.tlog
C:\Users\cgupta3131\Desktop\Guest-House-Management\Guest-House-Management\Debug\link.7228.read.1.tlog
C:\Users\cgupta3131\Desktop\Guest-House-Management\Guest-House-Management\Debug\link.7228.write.1.tlog
C:\Users\cgupta3131\Desktop\Guest-House-Management\Guest-House-Management\Debug\link.7228-cvtres.read.1.tlog
C:\Users\cgupta3131\Desktop\Guest-House-Management\Guest-House-Management\Debug\link.7228-cvtres.write.1.tlog
C:\Users\cgupta3131\Desktop\Guest-House-Management\Guest-House-Management\Debug\link.7232.read.1.tlog
C:\Users\cgupta3131\Desktop\Guest-House-Management\Guest-House-Management\Debug\link.7232.write.1.tlog
C:\Users\cgupta3131\Desktop\Guest-House-Management\Guest-House-Management\Debug\link.7232-cvtres.read.1.tlog
C:\Users\cgupta3131\Desktop\Guest-House-Management\Guest-House-Management\Debug\link.7232-cvtres.write.1.tlog
C:\Users\cgupta3131\Desktop\Guest-House-Management\Guest-House-Management\Debug\link.7752.read.1.tlog
C:\Users\cgupta3131\Desktop\Guest-House-Management\Guest-House-Management\Debug\link.7752.write.1.tlog
C:\Users\cgupta3131\Desktop\Guest-House-Management\Guest-House-Management\Debug\link.7752-cvtres.read.1.tlog
C:\Users\cgupta3131\Desktop\Guest-House-Management\Guest-House-Management\Debug\link.7752-cvtres.write.1.tlog
C:\Users\cgupta3131\Desktop\Guest-House-Management\Guest-House-Management\Debug\link.7892.read.1.tlog
C:\Users\cgupta3131\Desktop\Guest-House-Management\Guest-House-Management\Debug\link.7892.write.1.tlog
C:\Users\cgupta3131\Desktop\Guest-House-Management\Guest-House-Management\Debug\link.7892-cvtres.read.1.tlog
C:\Users\cgupta3131\Desktop\Guest-House-Management\Guest-House-Management\Debug\link.7892-cvtres.write.1.tlog
C:\Users\cgupta3131\Desktop\Guest-House-Management\Guest-House-Management\Debug\link.7912.read.1.tlog
C:\Users\cgupta3131\Desktop\Guest-House-Management\Guest-House-Management\Debug\link.7912.write.1.tlog
C:\Users\cgupta3131\Desktop\Guest-House-Management\Guest-House-Management\Debug\link.7912-cvtres.read.1.tlog
C:\Users\cgupta3131\Desktop\Guest-House-Management\Guest-House-Management\Debug\link.7912-cvtres.write.1.tlog
C:\Users\cgupta3131\Desktop\Guest-House-Management\Guest-House-Management\Debug\link.command.1.tlog
C:\Users\cgupta3131\Desktop\Guest-House-Management\Guest-House-Management\Debug\link.read.1.tlog
C:\Users\cgupta3131\Desktop\Guest-House-Management\Guest-House-Management\Debug\link.write.1.tlog
C:\Users\cgupta3131\Desktop\Guest-House-Management\Guest-House-Management\Debug\mt.command.1.tlog
C:\Users\cgupta3131\Desktop\Guest-House-Management\Guest-House-Management\Debug\mt.read.1.tlog
C:\Users\cgupta3131\Desktop\Guest-House-Management\Guest-House-Management\Debug\mt.write.1.tlog
C:\Users\cgupta3131\Desktop\Guest-House-Management\Guest-House-Management\Debug\rc.command.1.tlog
C:\Users\cgupta3131\Desktop\Guest-House-Management\Guest-House-Management\Debug\rc.read.1.tlog
C:\Users\cgupta3131\Desktop\Guest-House-Management\Guest-House-Management\Debug\rc.write.1.tlog
C:\USERS\CGUPTA3131\DESKTOP\GUEST-HOUSE-MANAGEMENT\GUEST-HOUSE-MANAGEMENT\DEBUG\STDAFX.OBJ
C:\USERS\CGUPTA3131\DESKTOP\GUEST-HOUSE-MANAGEMENT\GUEST-HOUSE-MANAGEMENT\DEBUG\USERCONTROL_ADD_CAB_DETAILS.OBJ
C:\USERS\CGUPTA3131\DESKTOP\GUEST-HOUSE-MANAGEMENT\GUEST-HOUSE-MANAGEMENT\DEBUG\USERCONTROL_ADD_MESS.OBJ
C:\USERS\CGUPTA3131\DESKTOP\GUEST-HOUSE-MANAGEMENT\GUEST-HOUSE-MANAGEMENT\DEBUG\USERCONTROL_ADD_PLACES.OBJ
C:\USERS\CGUPTA3131\DESKTOP\GUEST-HOUSE-MANAGEMENT\GUEST-HOUSE-MANAGEMENT\DEBUG\USERCONTROL_ADD_RESTAURANT.OBJ
C:\USERS\CGUPTA3131\DESKTOP\GUEST-HOUSE-MANAGEMENT\GUEST-HOUSE-MANAGEMENT\DEBUG\USERCONTROL_ADD_ROOM.OBJ
C:\USERS\CGUPTA3131\DESKTOP\GUEST-HOUSE-MANAGEMENT\GUEST-HOUSE-MANAGEMENT\DEBUG\USERCONTROL_APPROVE_USERS.OBJ
C:\USERS\CGUPTA3131\DESKTOP\GUEST-HOUSE-MANAGEMENT\GUEST-HOUSE-MANAGEMENT\DEBUG\USERCONTROL_BOOKING_APPROVAL.OBJ
C:\USERS\CGUPTA3131\DESKTOP\GUEST-HOUSE-MANAGEMENT\GUEST-HOUSE-MANAGEMENT\DEBUG\USERCONTROL_CUSTOMER_ADMIN_FEEDBACK.OBJ
C:\USERS\CGUPTA3131\DESKTOP\GUEST-HOUSE-MANAGEMENT\GUEST-HOUSE-MANAGEMENT\DEBUG\USERCONTROL_CUSTOMER_BOOK_EDIT.OBJ
C:\USERS\CGUPTA3131\DESKTOP\GUEST-HOUSE-MANAGEMENT\GUEST-HOUSE-MANAGEMENT\DEBUG\USERCONTROL_CUSTOMER_FEEDBACK.OBJ
C:\USERS\CGUPTA3131\DESKTOP\GUEST-HOUSE-MANAGEMENT\GUEST-HOUSE-MANAGEMENT\DEBUG\USERCONTROL_CUSTOMER_HOMEPAGE.OBJ
C:\USERS\CGUPTA3131\DESKTOP\GUEST-HOUSE-MANAGEMENT\GUEST-HOUSE-MANAGEMENT\DEBUG\USERCONTROL_CUSTOMER_HOUSEKEEPING.OBJ
C:\USERS\CGUPTA3131\DESKTOP\GUEST-HOUSE-MANAGEMENT\GUEST-HOUSE-MANAGEMENT\DEBUG\USERCONTROL_FLOOR_MAP.OBJ
C:\USERS\CGUPTA3131\DESKTOP\GUEST-HOUSE-MANAGEMENT\GUEST-HOUSE-MANAGEMENT\DEBUG\USERCONTROL_GENERATE_BILL.OBJ
C:\USERS\CGUPTA3131\DESKTOP\GUEST-HOUSE-MANAGEMENT\GUEST-HOUSE-MANAGEMENT\DEBUG\USERCONTROL_GUEST_HOUSE_INFO.OBJ
C:\USERS\CGUPTA3131\DESKTOP\GUEST-HOUSE-MANAGEMENT\GUEST-HOUSE-MANAGEMENT\DEBUG\USERCONTROL_GUESTHOUSEDETAILS.OBJ
C:\USERS\CGUPTA3131\DESKTOP\GUEST-HOUSE-MANAGEMENT\GUEST-HOUSE-MANAGEMENT\DEBUG\USERCONTROL_IN_STAY_FACILITIES.OBJ
C:\USERS\CGUPTA3131\DESKTOP\GUEST-HOUSE-MANAGEMENT\GUEST-HOUSE-MANAGEMENT\DEBUG\USERCONTROL_LOGIN.OBJ
C:\USERS\CGUPTA3131\DESKTOP\GUEST-HOUSE-MANAGEMENT\GUEST-HOUSE-MANAGEMENT\DEBUG\USERCONTROL_MESS_RATES.OBJ
C:\USERS\CGUPTA3131\DESKTOP\GUEST-HOUSE-MANAGEMENT\GUEST-HOUSE-MANAGEMENT\DEBUG\USERCONTROL_ROOM_TYPES.OBJ
C:\USERS\CGUPTA3131\DESKTOP\GUEST-HOUSE-MANAGEMENT\GUEST-HOUSE-MANAGEMENT\DEBUG\USERCONTROL_ROOM_TYPES2.OBJ
C:\USERS\CGUPTA3131\DESKTOP\GUEST-HOUSE-MANAGEMENT\GUEST-HOUSE-MANAGEMENT\DEBUG\USERCONTROL_SIGNUP.OBJ
C:\USERS\CGUPTA3131\DESKTOP\GUEST-HOUSE-MANAGEMENT\GUEST-HOUSE-MANAGEMENT\DEBUG\USERCONTROL_STAFF.OBJ
C:\USERS\CGUPTA3131\DESKTOP\GUEST-HOUSE-MANAGEMENT\GUEST-HOUSE-MANAGEMENT\DEBUG\USERCONTROL_STAFF_BOOKING_DISPLAY.OBJ
C:\USERS\CGUPTA3131\DESKTOP\GUEST-HOUSE-MANAGEMENT\GUEST-HOUSE-MANAGEMENT\DEBUG\USERCONTROL_STAFF_EDIT.OBJ
C:\USERS\CGUPTA3131\DESKTOP\GUEST-HOUSE-MANAGEMENT\GUEST-HOUSE-MANAGEMENT\DEBUG\USERCONTROL_STAFF_EDIT_DETAILS.OBJ
C:\USERS\CGUPTA3131\DESKTOP\GUEST-HOUSE-MANAGEMENT\GUEST-HOUSE-MANAGEMENT\DEBUG\USERCONTROL_STAFF_HOUSEKEEPING_APPROVAL.OBJ
C:\USERS\CGUPTA3131\DESKTOP\GUEST-HOUSE-MANAGEMENT\GUEST-HOUSE-MANAGEMENT\DEBUG\USERCONTROL_STAFF_LEAVE.OBJ
C:\USERS\CGUPTA3131\DESKTOP\GUEST-HOUSE-MANAGEMENT\GUEST-HOUSE-MANAGEMENT\DEBUG\USERCONTROL_STAFF_LEAVE_APPROVAL.OBJ
C:\USERS\CGUPTA3131\DESKTOP\GUEST-HOUSE-MANAGEMENT\GUEST-HOUSE-MANAGEMENT\DEBUG\USERCONTROL_STAFF_PLANNER.OBJ
C:\USERS\CGUPTA3131\DESKTOP\GUEST-HOUSE-MANAGEMENT\GUEST-HOUSE-MANAGEMENT\DEBUG\USERCONTROL_STAFF_RECORD.OBJ
C:\USERS\CGUPTA3131\DESKTOP\GUEST-HOUSE-MANAGEMENT\GUEST-HOUSE-MANAGEMENT\DEBUG\USERCONTROL_STAFF_REGISTER.OBJ
C:\USERS\CGUPTA3131\DESKTOP\GUEST-HOUSE-MANAGEMENT\GUEST-HOUSE-MANAGEMENT\DEBUG\USERCONTROL_STAFF_VIEW_DETAILS.OBJ
C:\USERS\CGUPTA3131\DESKTOP\GUEST-HOUSE-MANAGEMENT\GUEST-HOUSE-MANAGEMENT\DEBUG\USERCONTROL_STATUS_ROOM.OBJ
C:\USERS\CGUPTA3131\DESKTOP\GUEST-HOUSE-MANAGEMENT\GUEST-HOUSE-MANAGEMENT\DEBUG\USERCONTROL_USER_TYPES.OBJ
C:\USERS\CGUPTA3131\DESKTOP\GUEST-HOUSE-MANAGEMENT\GUEST-HOUSE-MANAGEMENT\DEBUG\USERCONTROL_VIEW_CAB.OBJ
C:\USERS\CGUPTA3131\DESKTOP\GUEST-HOUSE-MANAGEMENT\GUEST-HOUSE-MANAGEMENT\DEBUG\USERCONTROL_VIEW_MESS.OBJ
C:\USERS\CGUPTA3131\DESKTOP\GUEST-HOUSE-MANAGEMENT\GUEST-HOUSE-MANAGEMENT\DEBUG\USERCONTROL_VIEW_RESTAURANTS.OBJ
C:\USERS\CGUPTA3131\DESKTOP\GUEST-HOUSE-MANAGEMENT\GUEST-HOUSE-MANAGEMENT\DEBUG\USERCONTROL_VIEW_TOURISTPLACES.OBJ
C:\USERS\CGUPTA3131\DESKTOP\GUEST-HOUSE-MANAGEMENT\GUEST-HOUSE-MANAGEMENT\DEBUG\VC100.PDB
