Build started 17-03-2019 11:40:33.
     1>Project "C:\Users\harpa\Desktop\guest house\17Mar11am\Guest-House-Management\Guest-House-Management.vcxproj" on node 2 (build target(s)).
     1>InitializeBuildStatus:
         Creating "Debug\Guest-House-Management.unsuccessfulbuild" because "AlwaysCreate" was specified.
       GenerateTargetFrameworkMonikerAttribute:
       Skipping target "GenerateTargetFrameworkMonikerAttribute" because all output files are up-to-date with respect to the input files.
       ClCompile:
         All outputs are up-to-date.
         All outputs are up-to-date.
         All outputs are up-to-date.
       CoreResGen:
         No resources are out of date with respect to their source files. Skipping resource generation.
       ResourceCompile:
         All outputs are up-to-date.
       Link:
         All outputs are up-to-date.
         Guest-House-Management.vcxproj -> C:\Users\harpa\Desktop\guest house\17Mar11am\Debug\Guest-House-Management.exe
       FinalizeBuildStatus:
         Deleting file "Debug\Guest-House-Management.unsuccessfulbuild".
         Touching "Debug\Guest-House-Management.lastbuildstate".
     1>Done Building Project "C:\Users\harpa\Desktop\guest house\17Mar11am\Guest-House-Management\Guest-House-Management.vcxproj" (build target(s)).

Build succeeded.

Time Elapsed 00:00:00.38
